<?xml version="1.0" encoding="UTF-8"?>
<!-- Generated by org.testng.reporters.JUnitReportReporter -->
<testsuite hostname="NYC-EXPRESS-PC" name="com.facebook.test.facebookSignUp" tests="1" failures="0" timestamp="15 Dec 2015 02:04:13 GMT" time="23.647" errors="0">
  <testcase name="signUpTest" time="23.647" classname="com.facebook.test.facebookSignUp"/>
</testsuite> <!-- com.facebook.test.facebookSignUp -->
